INFO: mock.py version 1.2.14 starting (python version = 2.7.12)...
Start: init plugins
INFO: selinux disabled
Finish: init plugins
Start: run
INFO: Start(R-assertthat.spec)  Config(clear)
Start: clean chroot
Finish: clean chroot
Start: chroot init
INFO: calling preinit hooks
INFO: enabled root cache
Start: unpacking root cache
Finish: unpacking root cache
INFO: enabled yum cache
Start: cleaning yum metadata
Finish: cleaning yum metadata
Mock Version: 1.2.14
INFO: Mock Version: 1.2.14
Start: yum update
Finish: yum update
Finish: chroot init
Start: buildsrpm
Start: rpmbuild -bs
Finish: rpmbuild -bs
Finish: buildsrpm
INFO: Done(R-assertthat.spec) Config(clear) 0 minutes 5 seconds
INFO: Results and/or logs in: results/
Finish: run
